FAILED TO RUN ON analcatdata_broadwaymult
FAILED TO RUN ON analcatdata_germangss
FAILED TO RUN ON analcatdata_lawsuit
FAILED TO RUN ON annealing
FAILED TO RUN ON ar4
FAILED TO RUN ON arrhythmia
FAILED TO RUN ON audiology-std
FAILED TO RUN ON autos
FAILED TO RUN ON braziltourism
FAILED TO RUN ON breast-tissue
FAILED TO RUN ON dermatology
FAILED TO RUN ON analcatdata_broadwaymult
FAILED TO RUN ON analcatdata_germangss
FAILED TO RUN ON analcatdata_lawsuit
FAILED TO RUN ON annealing
FAILED TO RUN ON ar4
FAILED TO RUN ON arrhythmia
FAILED TO RUN ON audiology-std
FAILED TO RUN ON autos
FAILED TO RUN ON braziltourism
FAILED TO RUN ON breast-tissue
FAILED TO RUN ON dermatology
FAILED TO RUN ON diabetes
FAILED TO RUN ON diggle_table_a2
FAILED TO RUN ON disclosure_z
FAILED TO RUN ON echocardiogram
FAILED TO RUN ON ecoli
FAILED TO RUN ON elusage
FAILED TO RUN ON energy-y1
FAILED TO RUN ON energy-y2
FAILED TO RUN ON fertility
FAILED TO RUN ON flags
FAILED TO RUN ON fri_c0_250_5
FAILED TO RUN ON glass
FAILED TO RUN ON haberman-survival
FAILED TO RUN ON hayes-roth
FAILED TO RUN ON heart-cleveland
FAILED TO RUN ON heart-hungarian
FAILED TO RUN ON heart-switzerland
FAILED TO RUN ON heart-va
FAILED TO RUN ON hepatitis
FAILED TO RUN ON hill-valley
FAILED TO RUN ON horse-colic
FAILED TO RUN ON ilpd-indian-liver
FAILED TO RUN ON image-segmentation
FAILED TO RUN ON ionosphere
FAILED TO RUN ON iris
FAILED TO RUN ON kc3
FAILED TO RUN ON kidney
FAILED TO RUN ON labor
FAILED TO RUN ON led-display
FAILED TO RUN ON lenses
FAILED TO RUN ON libras
FAILED TO RUN ON low-res-spect
FAILED TO RUN ON lowbwt
FAILED TO RUN ON lung-cancer
FAILED TO RUN ON lupus
FAILED TO RUN ON lymphography
FAILED TO RUN ON mammographic
FAILED TO RUN ON meta
FAILED TO RUN ON mfeat-karhunen
FAILED TO RUN ON mfeat-morphological
FAILED TO RUN ON molec-biol-promoter
FAILED TO RUN ON molec-biol-splice
FAILED TO RUN ON monks-1
FAILED TO RUN ON monks-2
FAILED TO RUN ON monks-3
FAILED TO RUN ON mushroom
FAILED TO RUN ON musk-1
FAILED TO RUN ON newton_hema
FAILED TO RUN ON no2
FAILED TO RUN ON oocytes_merluccius_nucleus_4d
FAILED TO RUN ON oocytes_merluccius_states_2f
FAILED TO RUN ON oocytes_trisopterus_nucleus_2f
FAILED TO RUN ON oocytes_trisopterus_states_5b
FAILED TO RUN ON ozone
FAILED TO RUN ON parkinsons
FAILED TO RUN ON pima
FAILED TO RUN ON pittsburg-bridges-MATERIAL
FAILED TO RUN ON pittsburg-bridges-REL-L
FAILED TO RUN ON pittsburg-bridges-SPAN
FAILED TO RUN ON pittsburg-bridges-T-OR-D_R
FAILED TO RUN ON pittsburg-bridges-TYPE
FAILED TO RUN ON planning
FAILED TO RUN ON plant-margin
FAILED TO RUN ON plant-shape
FAILED TO RUN ON plant-texture
FAILED TO RUN ON plasma_retinol
FAILED TO RUN ON pm10
FAILED TO RUN ON post-operative
FAILED TO RUN ON prnn_synth
FAILED TO RUN ON rabe_131
FAILED TO RUN ON rmftsa_sleepdata
FAILED TO RUN ON schizo
FAILED TO RUN ON schlvote
FAILED TO RUN ON seeds
FAILED TO RUN ON semeion
FAILED TO RUN ON sleuth_case2002
FAILED TO RUN ON socmob
FAILED TO RUN ON solar-flare
FAILED TO RUN ON soybean
FAILED TO RUN ON spambase
FAILED TO RUN ON spect
FAILED TO RUN ON spectf
FAILED TO RUN ON squash-stored
FAILED TO RUN ON squash-unstored
FAILED TO RUN ON statlog-australian-credit
FAILED TO RUN ON statlog-german-credit
FAILED TO RUN ON statlog-heart_
FAILED TO RUN ON statlog-image
FAILED TO RUN ON statlog-vehicle
FAILED TO RUN ON steel-plates
FAILED TO RUN ON synthetic-control
FAILED TO RUN ON tae
FAILED TO RUN ON teaching
FAILED TO RUN ON teachingAssistant
FAILED TO RUN ON tic-tac-toe
FAILED TO RUN ON titanic
FAILED TO RUN ON transplant
FAILED TO RUN ON triazines
FAILED TO RUN ON vertebral-column-2clases
FAILED TO RUN ON vertebral-column-3clases
FAILED TO RUN ON veteran
FAILED TO RUN ON visualizing_livestock
FAILED TO RUN ON vote
FAILED TO RUN ON wall-following
FAILED TO RUN ON waveform-noise
FAILED TO RUN ON waveform
FAILED TO RUN ON white-clover
FAILED TO RUN ON wine-quality-red
FAILED TO RUN ON wine-quality-white
FAILED TO RUN ON wine
FAILED TO RUN ON yeast
FAILED TO RUN ON zoo
FAILED TO RUN ON analcatdata_broadwaymult
FAILED TO RUN ON analcatdata_germangss
FAILED TO RUN ON analcatdata_lawsuit
FAILED TO RUN ON annealing
FAILED TO RUN ON ar4
FAILED TO RUN ON arrhythmia
FAILED TO RUN ON audiology-std
FAILED TO RUN ON autos
FAILED TO RUN ON braziltourism
FAILED TO RUN ON breast-tissue
FAILED TO RUN ON dermatology
FAILED TO RUN ON diabetes
FAILED TO RUN ON diggle_table_a2
FAILED TO RUN ON disclosure_z
FAILED TO RUN ON echocardiogram
FAILED TO RUN ON ecoli
FAILED TO RUN ON elusage
FAILED TO RUN ON energy-y1
FAILED TO RUN ON energy-y2
FAILED TO RUN ON fertility
FAILED TO RUN ON flags
FAILED TO RUN ON fri_c0_250_5
FAILED TO RUN ON glass
FAILED TO RUN ON haberman-survival
FAILED TO RUN ON hayes-roth
FAILED TO RUN ON heart-cleveland
FAILED TO RUN ON heart-hungarian
FAILED TO RUN ON heart-switzerland
FAILED TO RUN ON heart-va
FAILED TO RUN ON hepatitis
FAILED TO RUN ON hill-valley
FAILED TO RUN ON horse-colic
FAILED TO RUN ON ilpd-indian-liver
FAILED TO RUN ON image-segmentation
FAILED TO RUN ON ionosphere
FAILED TO RUN ON iris
FAILED TO RUN ON kc3
FAILED TO RUN ON kidney
FAILED TO RUN ON labor
FAILED TO RUN ON led-display
FAILED TO RUN ON lenses
FAILED TO RUN ON libras
FAILED TO RUN ON low-res-spect
FAILED TO RUN ON lowbwt
FAILED TO RUN ON lung-cancer
FAILED TO RUN ON lupus
FAILED TO RUN ON lymphography
FAILED TO RUN ON mammographic
FAILED TO RUN ON meta
FAILED TO RUN ON mfeat-karhunen
FAILED TO RUN ON mfeat-morphological
FAILED TO RUN ON molec-biol-promoter
FAILED TO RUN ON molec-biol-splice
FAILED TO RUN ON monks-1
FAILED TO RUN ON monks-2
FAILED TO RUN ON monks-3
FAILED TO RUN ON mushroom
FAILED TO RUN ON musk-1
FAILED TO RUN ON newton_hema
FAILED TO RUN ON no2
FAILED TO RUN ON oocytes_merluccius_nucleus_4d
FAILED TO RUN ON oocytes_merluccius_states_2f
FAILED TO RUN ON oocytes_trisopterus_nucleus_2f
FAILED TO RUN ON oocytes_trisopterus_states_5b
FAILED TO RUN ON ozone
FAILED TO RUN ON parkinsons
FAILED TO RUN ON pima
FAILED TO RUN ON pittsburg-bridges-MATERIAL
FAILED TO RUN ON pittsburg-bridges-REL-L
FAILED TO RUN ON pittsburg-bridges-SPAN
FAILED TO RUN ON pittsburg-bridges-T-OR-D_R
FAILED TO RUN ON pittsburg-bridges-TYPE
FAILED TO RUN ON planning
FAILED TO RUN ON plant-margin
FAILED TO RUN ON plant-shape
FAILED TO RUN ON plant-texture
FAILED TO RUN ON plasma_retinol
FAILED TO RUN ON pm10
FAILED TO RUN ON post-operative
FAILED TO RUN ON prnn_synth
FAILED TO RUN ON rabe_131
FAILED TO RUN ON rmftsa_sleepdata
FAILED TO RUN ON schizo
FAILED TO RUN ON schlvote
FAILED TO RUN ON seeds
FAILED TO RUN ON semeion
FAILED TO RUN ON sleuth_case2002
FAILED TO RUN ON socmob
FAILED TO RUN ON solar-flare
FAILED TO RUN ON soybean
FAILED TO RUN ON spambase
FAILED TO RUN ON spect
FAILED TO RUN ON spectf
FAILED TO RUN ON squash-stored
FAILED TO RUN ON squash-unstored
FAILED TO RUN ON statlog-australian-credit
FAILED TO RUN ON statlog-german-credit
FAILED TO RUN ON statlog-heart_
FAILED TO RUN ON statlog-image
FAILED TO RUN ON statlog-vehicle
FAILED TO RUN ON steel-plates
FAILED TO RUN ON synthetic-control
FAILED TO RUN ON tae
FAILED TO RUN ON teaching
FAILED TO RUN ON teachingAssistant
FAILED TO RUN ON tic-tac-toe
FAILED TO RUN ON titanic
FAILED TO RUN ON transplant
FAILED TO RUN ON triazines
FAILED TO RUN ON vertebral-column-2clases
FAILED TO RUN ON vertebral-column-3clases
FAILED TO RUN ON veteran
FAILED TO RUN ON visualizing_livestock
FAILED TO RUN ON vote
FAILED TO RUN ON wall-following
FAILED TO RUN ON waveform-noise
FAILED TO RUN ON waveform
FAILED TO RUN ON white-clover
FAILED TO RUN ON wine-quality-red
FAILED TO RUN ON wine-quality-white
FAILED TO RUN ON wine
FAILED TO RUN ON yeast
FAILED TO RUN ON zoo
FAILED TO RUN ON analcatdata_broadwaymult
FAILED TO RUN ON analcatdata_germangss
FAILED TO RUN ON analcatdata_lawsuit
FAILED TO RUN ON annealing
FAILED TO RUN ON ar4
FAILED TO RUN ON arrhythmia
FAILED TO RUN ON audiology-std
FAILED TO RUN ON autos
FAILED TO RUN ON braziltourism
FAILED TO RUN ON breast-tissue
FAILED TO RUN ON dermatology
FAILED TO RUN ON diabetes
FAILED TO RUN ON diggle_table_a2
FAILED TO RUN ON disclosure_z
FAILED TO RUN ON echocardiogram
FAILED TO RUN ON ecoli
FAILED TO RUN ON elusage
FAILED TO RUN ON energy-y1
FAILED TO RUN ON energy-y2
FAILED TO RUN ON fertility
FAILED TO RUN ON flags
FAILED TO RUN ON fri_c0_250_5
FAILED TO RUN ON glass
FAILED TO RUN ON haberman-survival
FAILED TO RUN ON hayes-roth
FAILED TO RUN ON heart-cleveland
FAILED TO RUN ON heart-hungarian
FAILED TO RUN ON heart-switzerland
FAILED TO RUN ON heart-va
FAILED TO RUN ON hepatitis
FAILED TO RUN ON hill-valley
FAILED TO RUN ON horse-colic
FAILED TO RUN ON ilpd-indian-liver
FAILED TO RUN ON image-segmentation
FAILED TO RUN ON ionosphere
FAILED TO RUN ON iris
FAILED TO RUN ON kc3
FAILED TO RUN ON kidney
FAILED TO RUN ON labor
FAILED TO RUN ON led-display
FAILED TO RUN ON lenses
FAILED TO RUN ON libras
FAILED TO RUN ON low-res-spect
FAILED TO RUN ON lowbwt
FAILED TO RUN ON lung-cancer
FAILED TO RUN ON lupus
FAILED TO RUN ON lymphography
FAILED TO RUN ON mammographic
FAILED TO RUN ON meta
FAILED TO RUN ON mfeat-karhunen
FAILED TO RUN ON mfeat-morphological
FAILED TO RUN ON molec-biol-promoter
FAILED TO RUN ON molec-biol-splice
FAILED TO RUN ON monks-1
FAILED TO RUN ON monks-2
FAILED TO RUN ON monks-3
FAILED TO RUN ON mushroom
FAILED TO RUN ON musk-1
FAILED TO RUN ON newton_hema
FAILED TO RUN ON no2
FAILED TO RUN ON oocytes_merluccius_nucleus_4d
FAILED TO RUN ON oocytes_merluccius_states_2f
FAILED TO RUN ON oocytes_trisopterus_nucleus_2f
FAILED TO RUN ON oocytes_trisopterus_states_5b
FAILED TO RUN ON ozone
FAILED TO RUN ON parkinsons
FAILED TO RUN ON pima
FAILED TO RUN ON pittsburg-bridges-MATERIAL
FAILED TO RUN ON pittsburg-bridges-REL-L
FAILED TO RUN ON pittsburg-bridges-SPAN
FAILED TO RUN ON pittsburg-bridges-T-OR-D_R
FAILED TO RUN ON pittsburg-bridges-TYPE
FAILED TO RUN ON planning
FAILED TO RUN ON plant-margin
FAILED TO RUN ON plant-shape
FAILED TO RUN ON plant-texture
FAILED TO RUN ON plasma_retinol
FAILED TO RUN ON pm10
FAILED TO RUN ON post-operative
FAILED TO RUN ON prnn_synth
FAILED TO RUN ON rabe_131
FAILED TO RUN ON rmftsa_sleepdata
FAILED TO RUN ON schizo
FAILED TO RUN ON schlvote
FAILED TO RUN ON seeds
FAILED TO RUN ON semeion
FAILED TO RUN ON sleuth_case2002
FAILED TO RUN ON socmob
FAILED TO RUN ON solar-flare
FAILED TO RUN ON soybean
FAILED TO RUN ON spambase
FAILED TO RUN ON spect
FAILED TO RUN ON spectf
FAILED TO RUN ON squash-stored
FAILED TO RUN ON squash-unstored
FAILED TO RUN ON statlog-australian-credit
FAILED TO RUN ON statlog-german-credit
FAILED TO RUN ON statlog-heart_
FAILED TO RUN ON statlog-image
FAILED TO RUN ON statlog-vehicle
FAILED TO RUN ON steel-plates
FAILED TO RUN ON synthetic-control
FAILED TO RUN ON tae
FAILED TO RUN ON teaching
FAILED TO RUN ON teachingAssistant
FAILED TO RUN ON tic-tac-toe
FAILED TO RUN ON titanic
FAILED TO RUN ON transplant
FAILED TO RUN ON triazines
FAILED TO RUN ON vertebral-column-2clases
FAILED TO RUN ON vertebral-column-3clases
FAILED TO RUN ON veteran
FAILED TO RUN ON visualizing_livestock
FAILED TO RUN ON vote
FAILED TO RUN ON wall-following
FAILED TO RUN ON waveform-noise
FAILED TO RUN ON waveform
FAILED TO RUN ON white-clover
FAILED TO RUN ON wine-quality-red
FAILED TO RUN ON wine-quality-white
FAILED TO RUN ON wine
FAILED TO RUN ON yeast
FAILED TO RUN ON zoo
FAILED TO RUN ON analcatdata_broadwaymult
FAILED TO RUN ON analcatdata_germangss
FAILED TO RUN ON analcatdata_lawsuit
FAILED TO RUN ON annealing
FAILED TO RUN ON ar4
FAILED TO RUN ON arrhythmia
FAILED TO RUN ON audiology-std
FAILED TO RUN ON autos
FAILED TO RUN ON braziltourism
FAILED TO RUN ON breast-tissue
FAILED TO RUN ON dermatology
FAILED TO RUN ON diabetes
FAILED TO RUN ON diggle_table_a2
FAILED TO RUN ON disclosure_z
FAILED TO RUN ON echocardiogram
FAILED TO RUN ON ecoli
FAILED TO RUN ON elusage
FAILED TO RUN ON energy-y1
FAILED TO RUN ON energy-y2
FAILED TO RUN ON fertility
FAILED TO RUN ON flags
FAILED TO RUN ON fri_c0_250_5
FAILED TO RUN ON glass
FAILED TO RUN ON haberman-survival
FAILED TO RUN ON hayes-roth
FAILED TO RUN ON heart-cleveland
FAILED TO RUN ON heart-hungarian
FAILED TO RUN ON heart-switzerland
FAILED TO RUN ON heart-va
FAILED TO RUN ON hepatitis
FAILED TO RUN ON hill-valley
FAILED TO RUN ON horse-colic
FAILED TO RUN ON ilpd-indian-liver
FAILED TO RUN ON image-segmentation
FAILED TO RUN ON ionosphere
FAILED TO RUN ON iris
FAILED TO RUN ON kc3
FAILED TO RUN ON kidney
FAILED TO RUN ON labor
FAILED TO RUN ON led-display
FAILED TO RUN ON lenses
FAILED TO RUN ON libras
FAILED TO RUN ON low-res-spect
FAILED TO RUN ON lowbwt
FAILED TO RUN ON lung-cancer
FAILED TO RUN ON lupus
FAILED TO RUN ON lymphography
FAILED TO RUN ON mammographic
FAILED TO RUN ON meta
FAILED TO RUN ON mfeat-karhunen
FAILED TO RUN ON mfeat-morphological
FAILED TO RUN ON molec-biol-promoter
FAILED TO RUN ON molec-biol-splice
FAILED TO RUN ON monks-1
FAILED TO RUN ON monks-2
FAILED TO RUN ON monks-3
FAILED TO RUN ON mushroom
FAILED TO RUN ON musk-1
FAILED TO RUN ON newton_hema
FAILED TO RUN ON no2
FAILED TO RUN ON oocytes_merluccius_nucleus_4d
FAILED TO RUN ON oocytes_merluccius_states_2f
FAILED TO RUN ON oocytes_trisopterus_nucleus_2f
FAILED TO RUN ON oocytes_trisopterus_states_5b
FAILED TO RUN ON ozone
FAILED TO RUN ON parkinsons
FAILED TO RUN ON pima
FAILED TO RUN ON pittsburg-bridges-MATERIAL
FAILED TO RUN ON pittsburg-bridges-REL-L
FAILED TO RUN ON pittsburg-bridges-SPAN
FAILED TO RUN ON pittsburg-bridges-T-OR-D_R
FAILED TO RUN ON pittsburg-bridges-TYPE
FAILED TO RUN ON planning
FAILED TO RUN ON plant-margin
FAILED TO RUN ON plant-shape
FAILED TO RUN ON plant-texture
FAILED TO RUN ON plasma_retinol
FAILED TO RUN ON pm10
FAILED TO RUN ON post-operative
FAILED TO RUN ON prnn_synth
FAILED TO RUN ON rabe_131
FAILED TO RUN ON rmftsa_sleepdata
FAILED TO RUN ON schizo
FAILED TO RUN ON schlvote
FAILED TO RUN ON seeds
FAILED TO RUN ON semeion
FAILED TO RUN ON sleuth_case2002
FAILED TO RUN ON socmob
FAILED TO RUN ON solar-flare
FAILED TO RUN ON soybean
FAILED TO RUN ON spambase
FAILED TO RUN ON spect
FAILED TO RUN ON spectf
FAILED TO RUN ON squash-stored
FAILED TO RUN ON squash-unstored
FAILED TO RUN ON statlog-australian-credit
FAILED TO RUN ON statlog-german-credit
FAILED TO RUN ON statlog-heart_
FAILED TO RUN ON statlog-image
FAILED TO RUN ON statlog-vehicle
FAILED TO RUN ON steel-plates
FAILED TO RUN ON synthetic-control
FAILED TO RUN ON tae
FAILED TO RUN ON teaching
FAILED TO RUN ON teachingAssistant
FAILED TO RUN ON tic-tac-toe
FAILED TO RUN ON titanic
FAILED TO RUN ON transplant
FAILED TO RUN ON triazines
FAILED TO RUN ON vertebral-column-2clases
FAILED TO RUN ON vertebral-column-3clases
FAILED TO RUN ON veteran
FAILED TO RUN ON visualizing_livestock
FAILED TO RUN ON vote
FAILED TO RUN ON wall-following
FAILED TO RUN ON waveform-noise
FAILED TO RUN ON waveform
FAILED TO RUN ON white-clover
FAILED TO RUN ON wine-quality-red
FAILED TO RUN ON wine-quality-white
FAILED TO RUN ON wine
FAILED TO RUN ON yeast
FAILED TO RUN ON zoo
FAILED TO RUN ON analcatdata_broadwaymult
FAILED TO RUN ON analcatdata_germangss
FAILED TO RUN ON analcatdata_lawsuit
FAILED TO RUN ON annealing
FAILED TO RUN ON ar4
FAILED TO RUN ON arrhythmia
FAILED TO RUN ON audiology-std
FAILED TO RUN ON autos
FAILED TO RUN ON braziltourism
FAILED TO RUN ON breast-tissue
FAILED TO RUN ON dermatology
FAILED TO RUN ON diabetes
FAILED TO RUN ON diggle_table_a2
FAILED TO RUN ON disclosure_z
FAILED TO RUN ON echocardiogram
FAILED TO RUN ON ecoli
FAILED TO RUN ON elusage
FAILED TO RUN ON energy-y1
FAILED TO RUN ON energy-y2
FAILED TO RUN ON fertility
FAILED TO RUN ON flags
FAILED TO RUN ON fri_c0_250_5
FAILED TO RUN ON glass
FAILED TO RUN ON haberman-survival
FAILED TO RUN ON hayes-roth
FAILED TO RUN ON heart-cleveland
FAILED TO RUN ON heart-hungarian
FAILED TO RUN ON heart-switzerland
FAILED TO RUN ON heart-va
FAILED TO RUN ON hepatitis
FAILED TO RUN ON hill-valley
FAILED TO RUN ON horse-colic
FAILED TO RUN ON ilpd-indian-liver
FAILED TO RUN ON image-segmentation
FAILED TO RUN ON ionosphere
FAILED TO RUN ON iris
FAILED TO RUN ON kc3
FAILED TO RUN ON kidney
FAILED TO RUN ON labor
FAILED TO RUN ON led-display
FAILED TO RUN ON lenses
FAILED TO RUN ON libras
FAILED TO RUN ON low-res-spect
FAILED TO RUN ON lowbwt
FAILED TO RUN ON lung-cancer
FAILED TO RUN ON lupus
FAILED TO RUN ON lymphography
FAILED TO RUN ON mammographic
FAILED TO RUN ON meta
FAILED TO RUN ON mfeat-karhunen
FAILED TO RUN ON mfeat-morphological
FAILED TO RUN ON molec-biol-promoter
FAILED TO RUN ON molec-biol-splice
FAILED TO RUN ON monks-1
FAILED TO RUN ON monks-2
FAILED TO RUN ON monks-3
FAILED TO RUN ON mushroom
FAILED TO RUN ON musk-1
FAILED TO RUN ON newton_hema
FAILED TO RUN ON no2
FAILED TO RUN ON oocytes_merluccius_nucleus_4d
FAILED TO RUN ON oocytes_merluccius_states_2f
FAILED TO RUN ON oocytes_trisopterus_nucleus_2f
FAILED TO RUN ON oocytes_trisopterus_states_5b
FAILED TO RUN ON ozone
FAILED TO RUN ON parkinsons
FAILED TO RUN ON pima
FAILED TO RUN ON pittsburg-bridges-MATERIAL
FAILED TO RUN ON pittsburg-bridges-REL-L
FAILED TO RUN ON pittsburg-bridges-SPAN
FAILED TO RUN ON pittsburg-bridges-T-OR-D_R
FAILED TO RUN ON pittsburg-bridges-TYPE
FAILED TO RUN ON planning
FAILED TO RUN ON plant-margin
FAILED TO RUN ON plant-shape
FAILED TO RUN ON plant-texture
FAILED TO RUN ON plasma_retinol
FAILED TO RUN ON pm10
FAILED TO RUN ON post-operative
FAILED TO RUN ON prnn_synth
FAILED TO RUN ON rabe_131
FAILED TO RUN ON rmftsa_sleepdata
FAILED TO RUN ON schizo
FAILED TO RUN ON schlvote
FAILED TO RUN ON seeds
FAILED TO RUN ON semeion
FAILED TO RUN ON sleuth_case2002
FAILED TO RUN ON socmob
FAILED TO RUN ON solar-flare
FAILED TO RUN ON soybean
FAILED TO RUN ON spambase
FAILED TO RUN ON spect
FAILED TO RUN ON spectf
FAILED TO RUN ON squash-stored
FAILED TO RUN ON squash-unstored
FAILED TO RUN ON statlog-australian-credit
FAILED TO RUN ON statlog-german-credit
FAILED TO RUN ON statlog-heart_
FAILED TO RUN ON statlog-image
FAILED TO RUN ON statlog-vehicle
FAILED TO RUN ON steel-plates
FAILED TO RUN ON synthetic-control
FAILED TO RUN ON tae
FAILED TO RUN ON teaching
FAILED TO RUN ON teachingAssistant
FAILED TO RUN ON tic-tac-toe
FAILED TO RUN ON titanic
FAILED TO RUN ON transplant
FAILED TO RUN ON triazines
FAILED TO RUN ON vertebral-column-2clases
FAILED TO RUN ON vertebral-column-3clases
FAILED TO RUN ON veteran
FAILED TO RUN ON visualizing_livestock
FAILED TO RUN ON vote
FAILED TO RUN ON wall-following
FAILED TO RUN ON waveform-noise
FAILED TO RUN ON waveform
FAILED TO RUN ON white-clover
FAILED TO RUN ON wine-quality-red
FAILED TO RUN ON wine-quality-white
FAILED TO RUN ON wine
FAILED TO RUN ON yeast
FAILED TO RUN ON zoo
FAILED TO RUN ON analcatdata_broadwaymult
FAILED TO RUN ON analcatdata_germangss
FAILED TO RUN ON analcatdata_lawsuit
FAILED TO RUN ON annealing
FAILED TO RUN ON ar4
FAILED TO RUN ON arrhythmia
FAILED TO RUN ON audiology-std
FAILED TO RUN ON autos
FAILED TO RUN ON braziltourism
FAILED TO RUN ON breast-tissue
FAILED TO RUN ON dermatology
FAILED TO RUN ON diabetes
FAILED TO RUN ON diggle_table_a2
FAILED TO RUN ON disclosure_z
FAILED TO RUN ON echocardiogram
FAILED TO RUN ON ecoli
FAILED TO RUN ON elusage
FAILED TO RUN ON energy-y1
FAILED TO RUN ON energy-y2
FAILED TO RUN ON fertility
FAILED TO RUN ON flags
FAILED TO RUN ON fri_c0_250_5
FAILED TO RUN ON glass
FAILED TO RUN ON haberman-survival
FAILED TO RUN ON hayes-roth
FAILED TO RUN ON heart-cleveland
FAILED TO RUN ON heart-hungarian
FAILED TO RUN ON heart-switzerland
FAILED TO RUN ON heart-va
FAILED TO RUN ON hepatitis
FAILED TO RUN ON hill-valley
FAILED TO RUN ON horse-colic
FAILED TO RUN ON ilpd-indian-liver
FAILED TO RUN ON image-segmentation
FAILED TO RUN ON ionosphere
FAILED TO RUN ON iris
FAILED TO RUN ON kc3
FAILED TO RUN ON kidney
FAILED TO RUN ON labor
FAILED TO RUN ON led-display
FAILED TO RUN ON lenses
FAILED TO RUN ON libras
FAILED TO RUN ON low-res-spect
FAILED TO RUN ON lowbwt
FAILED TO RUN ON lung-cancer
FAILED TO RUN ON lupus
FAILED TO RUN ON lymphography
FAILED TO RUN ON mammographic
FAILED TO RUN ON meta
FAILED TO RUN ON mfeat-karhunen
FAILED TO RUN ON mfeat-morphological
FAILED TO RUN ON molec-biol-promoter
FAILED TO RUN ON molec-biol-splice
FAILED TO RUN ON monks-1
FAILED TO RUN ON monks-2
FAILED TO RUN ON monks-3
FAILED TO RUN ON mushroom
FAILED TO RUN ON musk-1
FAILED TO RUN ON newton_hema
FAILED TO RUN ON no2
FAILED TO RUN ON oocytes_merluccius_nucleus_4d
FAILED TO RUN ON oocytes_merluccius_states_2f
FAILED TO RUN ON oocytes_trisopterus_nucleus_2f
FAILED TO RUN ON oocytes_trisopterus_states_5b
FAILED TO RUN ON ozone
FAILED TO RUN ON parkinsons
FAILED TO RUN ON pima
FAILED TO RUN ON pittsburg-bridges-MATERIAL
FAILED TO RUN ON pittsburg-bridges-REL-L
FAILED TO RUN ON pittsburg-bridges-SPAN
FAILED TO RUN ON pittsburg-bridges-T-OR-D_R
FAILED TO RUN ON pittsburg-bridges-TYPE
FAILED TO RUN ON planning
FAILED TO RUN ON plant-margin
FAILED TO RUN ON plant-shape
FAILED TO RUN ON plant-texture
FAILED TO RUN ON plasma_retinol
FAILED TO RUN ON pm10
FAILED TO RUN ON post-operative
FAILED TO RUN ON prnn_synth
FAILED TO RUN ON rabe_131
FAILED TO RUN ON rmftsa_sleepdata
FAILED TO RUN ON schizo
FAILED TO RUN ON schlvote
FAILED TO RUN ON seeds
FAILED TO RUN ON semeion
FAILED TO RUN ON sleuth_case2002
FAILED TO RUN ON socmob
FAILED TO RUN ON solar-flare
FAILED TO RUN ON soybean
FAILED TO RUN ON spambase
FAILED TO RUN ON spect
FAILED TO RUN ON spectf
FAILED TO RUN ON squash-stored
FAILED TO RUN ON squash-unstored
FAILED TO RUN ON statlog-australian-credit
FAILED TO RUN ON statlog-german-credit
FAILED TO RUN ON statlog-heart_
FAILED TO RUN ON statlog-image
FAILED TO RUN ON statlog-vehicle
FAILED TO RUN ON steel-plates
FAILED TO RUN ON synthetic-control
FAILED TO RUN ON tae
FAILED TO RUN ON teaching
FAILED TO RUN ON teachingAssistant
FAILED TO RUN ON tic-tac-toe
FAILED TO RUN ON titanic
FAILED TO RUN ON transplant
FAILED TO RUN ON triazines
FAILED TO RUN ON vertebral-column-2clases
FAILED TO RUN ON vertebral-column-3clases
FAILED TO RUN ON veteran
FAILED TO RUN ON visualizing_livestock
FAILED TO RUN ON vote
FAILED TO RUN ON wall-following
FAILED TO RUN ON waveform-noise
FAILED TO RUN ON waveform
FAILED TO RUN ON white-clover
FAILED TO RUN ON wine-quality-red
FAILED TO RUN ON wine-quality-white
FAILED TO RUN ON wine
FAILED TO RUN ON yeast
FAILED TO RUN ON zoo
FAILED TO RUN ON analcatdata_broadwaymult
FAILED TO RUN ON analcatdata_germangss
FAILED TO RUN ON analcatdata_lawsuit
FAILED TO RUN ON annealing
FAILED TO RUN ON ar4
FAILED TO RUN ON analcatdata_broadwaymult
FAILED TO RUN ON analcatdata_germangss
FAILED TO RUN ON abalon
FAILED TO RUN ON acute-inflammation
FAILED TO RUN ON acute-nephritis
FAILED TO RUN ON analcatdata_asbestos
FAILED TO RUN ON analcatdata_boxing1
FAILED TO RUN ON analcatdata_broadwaymult
FAILED TO RUN ON analcatdata_germangss
FAILED TO RUN ON analcatdata_lawsuit
FAILED TO RUN ON annealing
FAILED TO RUN ON ar4
FAILED TO RUN ON arrhythmia
FAILED TO RUN ON audiology-std
FAILED TO RUN ON autos
FAILED TO RUN ON balance-scale
FAILED TO RUN ON bank
FAILED TO RUN ON baseball
FAILED TO RUN ON blood
FAILED TO RUN ON bodyfat
FAILED TO RUN ON braziltourism
FAILED TO RUN ON breast-cancer-wisc-diag
FAILED TO RUN ON breast-cancer-wisc-prog
FAILED TO RUN ON breast-cancer-wisc
FAILED TO RUN ON breast-cancer
FAILED TO RUN ON breast-tissue
FAILED TO RUN ON car
FAILED TO RUN ON cardiotocography-10clases
FAILED TO RUN ON cardiotocography-3clases
FAILED TO RUN ON chatfield_4
FAILED TO RUN ON chess-krvkp
FAILED TO RUN ON chscase_vine1
FAILED TO RUN ON cloud
FAILED TO RUN ON congressional-voting
FAILED TO RUN ON conn-bench-sonar-mines-rocks
FAILED TO RUN ON conn-bench-vowel-deterding
FAILED TO RUN ON contrac
FAILED TO RUN ON credit-approval
FAILED TO RUN ON cylinder-bands
FAILED TO RUN ON dermatology
FAILED TO RUN ON diabetes
FAILED TO RUN ON diggle_table_a2
FAILED TO RUN ON disclosure_z
FAILED TO RUN ON echocardiogram
FAILED TO RUN ON ecoli
FAILED TO RUN ON elusage
FAILED TO RUN ON energy-y1
FAILED TO RUN ON energy-y2
FAILED TO RUN ON fertility
FAILED TO RUN ON flags
FAILED TO RUN ON fri_c0_250_5
FAILED TO RUN ON glass
FAILED TO RUN ON haberman-survival
FAILED TO RUN ON hayes-roth
FAILED TO RUN ON heart-cleveland
FAILED TO RUN ON heart-hungarian
FAILED TO RUN ON heart-switzerland
FAILED TO RUN ON heart-va
FAILED TO RUN ON hepatitis
FAILED TO RUN ON hill-valley
FAILED TO RUN ON horse-colic
FAILED TO RUN ON ilpd-indian-liver
FAILED TO RUN ON image-segmentation
FAILED TO RUN ON ionosphere
FAILED TO RUN ON iris
FAILED TO RUN ON kc3
FAILED TO RUN ON kidney
FAILED TO RUN ON labor
FAILED TO RUN ON led-display
FAILED TO RUN ON lenses
FAILED TO RUN ON libras
FAILED TO RUN ON low-res-spect
FAILED TO RUN ON lowbwt
FAILED TO RUN ON lung-cancer
FAILED TO RUN ON lupus
FAILED TO RUN ON lymphography
FAILED TO RUN ON mammographic
FAILED TO RUN ON meta
FAILED TO RUN ON mfeat-karhunen
FAILED TO RUN ON mfeat-morphological
FAILED TO RUN ON molec-biol-promoter
FAILED TO RUN ON molec-biol-splice
FAILED TO RUN ON monks-1
FAILED TO RUN ON monks-2
FAILED TO RUN ON monks-3
FAILED TO RUN ON mushroom
FAILED TO RUN ON musk-1
FAILED TO RUN ON newton_hema
FAILED TO RUN ON no2
FAILED TO RUN ON oocytes_merluccius_nucleus_4d
FAILED TO RUN ON oocytes_merluccius_states_2f
FAILED TO RUN ON oocytes_trisopterus_nucleus_2f
FAILED TO RUN ON oocytes_trisopterus_states_5b
FAILED TO RUN ON ozone
FAILED TO RUN ON parkinsons
FAILED TO RUN ON pima
FAILED TO RUN ON pittsburg-bridges-MATERIAL
FAILED TO RUN ON pittsburg-bridges-REL-L
FAILED TO RUN ON pittsburg-bridges-SPAN
FAILED TO RUN ON pittsburg-bridges-T-OR-D_R
FAILED TO RUN ON pittsburg-bridges-TYPE
FAILED TO RUN ON planning
FAILED TO RUN ON plant-margin
FAILED TO RUN ON plant-shape
FAILED TO RUN ON plant-texture
FAILED TO RUN ON plasma_retinol
FAILED TO RUN ON pm10
FAILED TO RUN ON post-operative
FAILED TO RUN ON prnn_synth
FAILED TO RUN ON rabe_131
FAILED TO RUN ON rmftsa_sleepdata
FAILED TO RUN ON schizo
FAILED TO RUN ON schlvote
FAILED TO RUN ON seeds
FAILED TO RUN ON semeion
FAILED TO RUN ON abalon
FAILED TO RUN ON acute-inflammation
FAILED TO RUN ON acute-nephritis
FAILED TO RUN ON analcatdata_asbestos
FAILED TO RUN ON analcatdata_boxing1
FAILED TO RUN ON analcatdata_broadwaymult
FAILED TO RUN ON analcatdata_germangss
FAILED TO RUN ON analcatdata_lawsuit
FAILED TO RUN ON annealing
FAILED TO RUN ON ar4
FAILED TO RUN ON arrhythmia
FAILED TO RUN ON audiology-std
FAILED TO RUN ON autos
FAILED TO RUN ON balance-scale
FAILED TO RUN ON bank
FAILED TO RUN ON baseball
FAILED TO RUN ON blood
FAILED TO RUN ON bodyfat
FAILED TO RUN ON braziltourism
FAILED TO RUN ON breast-cancer-wisc-diag
FAILED TO RUN ON breast-cancer-wisc-prog
FAILED TO RUN ON breast-cancer-wisc
FAILED TO RUN ON breast-cancer
FAILED TO RUN ON breast-tissue
FAILED TO RUN ON car
FAILED TO RUN ON cardiotocography-10clases
FAILED TO RUN ON cardiotocography-3clases
FAILED TO RUN ON chatfield_4
FAILED TO RUN ON chess-krvkp
FAILED TO RUN ON chscase_vine1
FAILED TO RUN ON cloud
FAILED TO RUN ON congressional-voting
FAILED TO RUN ON conn-bench-sonar-mines-rocks
FAILED TO RUN ON conn-bench-vowel-deterding
FAILED TO RUN ON contrac
FAILED TO RUN ON credit-approval
FAILED TO RUN ON cylinder-bands
FAILED TO RUN ON dermatology
FAILED TO RUN ON diabetes
FAILED TO RUN ON diggle_table_a2
FAILED TO RUN ON disclosure_z
FAILED TO RUN ON echocardiogram
FAILED TO RUN ON ecoli
FAILED TO RUN ON elusage
FAILED TO RUN ON energy-y1
FAILED TO RUN ON energy-y2
FAILED TO RUN ON fertility
FAILED TO RUN ON flags
FAILED TO RUN ON fri_c0_250_5
FAILED TO RUN ON glass
FAILED TO RUN ON haberman-survival
FAILED TO RUN ON hayes-roth
FAILED TO RUN ON heart-cleveland
FAILED TO RUN ON heart-hungarian
FAILED TO RUN ON heart-switzerland
FAILED TO RUN ON heart-va
FAILED TO RUN ON hepatitis
FAILED TO RUN ON hill-valley
FAILED TO RUN ON horse-colic
FAILED TO RUN ON ilpd-indian-liver
FAILED TO RUN ON image-segmentation
FAILED TO RUN ON ionosphere
FAILED TO RUN ON iris
FAILED TO RUN ON kc3
FAILED TO RUN ON kidney
FAILED TO RUN ON labor
FAILED TO RUN ON led-display
FAILED TO RUN ON lenses
FAILED TO RUN ON libras
FAILED TO RUN ON low-res-spect
FAILED TO RUN ON lowbwt
FAILED TO RUN ON lung-cancer
FAILED TO RUN ON lupus
FAILED TO RUN ON lymphography
FAILED TO RUN ON mammographic
FAILED TO RUN ON meta
FAILED TO RUN ON mfeat-karhunen
FAILED TO RUN ON mfeat-morphological
FAILED TO RUN ON molec-biol-promoter
FAILED TO RUN ON molec-biol-splice
FAILED TO RUN ON monks-1
FAILED TO RUN ON monks-2
FAILED TO RUN ON monks-3
FAILED TO RUN ON mushroom
FAILED TO RUN ON musk-1
FAILED TO RUN ON newton_hema
FAILED TO RUN ON no2
FAILED TO RUN ON oocytes_merluccius_nucleus_4d
FAILED TO RUN ON oocytes_merluccius_states_2f
FAILED TO RUN ON oocytes_trisopterus_nucleus_2f
FAILED TO RUN ON oocytes_trisopterus_states_5b
FAILED TO RUN ON ozone
FAILED TO RUN ON parkinsons
FAILED TO RUN ON pima
FAILED TO RUN ON pittsburg-bridges-MATERIAL
FAILED TO RUN ON pittsburg-bridges-REL-L
FAILED TO RUN ON pittsburg-bridges-SPAN
FAILED TO RUN ON pittsburg-bridges-T-OR-D_R
FAILED TO RUN ON pittsburg-bridges-TYPE
FAILED TO RUN ON planning
FAILED TO RUN ON plant-margin
FAILED TO RUN ON plant-shape
FAILED TO RUN ON plant-texture
FAILED TO RUN ON plasma_retinol
FAILED TO RUN ON pm10
FAILED TO RUN ON post-operative
FAILED TO RUN ON prnn_synth
FAILED TO RUN ON rabe_131
FAILED TO RUN ON rmftsa_sleepdata
FAILED TO RUN ON schizo
FAILED TO RUN ON schlvote
FAILED TO RUN ON seeds
FAILED TO RUN ON semeion
FAILED TO RUN ON sleuth_case2002
FAILED TO RUN ON socmob
FAILED TO RUN ON solar-flare
FAILED TO RUN ON soybean
FAILED TO RUN ON spambase
FAILED TO RUN ON spect
FAILED TO RUN ON spectf
FAILED TO RUN ON squash-stored
FAILED TO RUN ON squash-unstored
FAILED TO RUN ON statlog-australian-credit
FAILED TO RUN ON statlog-german-credit
FAILED TO RUN ON statlog-heart_
FAILED TO RUN ON statlog-image
FAILED TO RUN ON statlog-vehicle
FAILED TO RUN ON steel-plates
FAILED TO RUN ON synthetic-control
FAILED TO RUN ON tae
FAILED TO RUN ON teaching
FAILED TO RUN ON teachingAssistant
FAILED TO RUN ON tic-tac-toe
FAILED TO RUN ON titanic
FAILED TO RUN ON transplant
FAILED TO RUN ON triazines
FAILED TO RUN ON vertebral-column-2clases
FAILED TO RUN ON vertebral-column-3clases
FAILED TO RUN ON veteran
FAILED TO RUN ON visualizing_livestock
FAILED TO RUN ON vote
FAILED TO RUN ON wall-following
FAILED TO RUN ON waveform-noise
FAILED TO RUN ON waveform
FAILED TO RUN ON white-clover
FAILED TO RUN ON wine-quality-red
FAILED TO RUN ON wine-quality-white
FAILED TO RUN ON wine
FAILED TO RUN ON yeast
FAILED TO RUN ON zoo
FAILED TO RUN ON abalon
FAILED TO RUN ON acute-inflammation
FAILED TO RUN ON acute-nephritis
FAILED TO RUN ON analcatdata_asbestos
FAILED TO RUN ON analcatdata_boxing1
FAILED TO RUN ON analcatdata_broadwaymult
FAILED TO RUN ON analcatdata_germangss
FAILED TO RUN ON analcatdata_lawsuit
FAILED TO RUN ON annealing
FAILED TO RUN ON ar4
FAILED TO RUN ON arrhythmia
FAILED TO RUN ON audiology-std
FAILED TO RUN ON autos
FAILED TO RUN ON balance-scale
FAILED TO RUN ON bank
FAILED TO RUN ON baseball
FAILED TO RUN ON blood
FAILED TO RUN ON bodyfat
FAILED TO RUN ON braziltourism
FAILED TO RUN ON breast-cancer-wisc-diag
FAILED TO RUN ON breast-cancer-wisc-prog
FAILED TO RUN ON breast-cancer-wisc
FAILED TO RUN ON breast-cancer
FAILED TO RUN ON breast-tissue
FAILED TO RUN ON car
FAILED TO RUN ON cardiotocography-10clases
FAILED TO RUN ON cardiotocography-3clases
FAILED TO RUN ON chatfield_4
FAILED TO RUN ON chess-krvkp
FAILED TO RUN ON chscase_vine1
FAILED TO RUN ON cloud
FAILED TO RUN ON congressional-voting
FAILED TO RUN ON conn-bench-sonar-mines-rocks
FAILED TO RUN ON conn-bench-vowel-deterding
FAILED TO RUN ON contrac
FAILED TO RUN ON credit-approval
FAILED TO RUN ON cylinder-bands
FAILED TO RUN ON dermatology
FAILED TO RUN ON diabetes
FAILED TO RUN ON diggle_table_a2
FAILED TO RUN ON disclosure_z
FAILED TO RUN ON echocardiogram
FAILED TO RUN ON ecoli
FAILED TO RUN ON elusage
FAILED TO RUN ON energy-y1
FAILED TO RUN ON energy-y2
FAILED TO RUN ON fertility
FAILED TO RUN ON flags
FAILED TO RUN ON fri_c0_250_5
FAILED TO RUN ON glass
FAILED TO RUN ON haberman-survival
FAILED TO RUN ON hayes-roth
FAILED TO RUN ON heart-cleveland
FAILED TO RUN ON heart-hungarian
FAILED TO RUN ON heart-switzerland
FAILED TO RUN ON heart-va
FAILED TO RUN ON hepatitis
FAILED TO RUN ON hill-valley
FAILED TO RUN ON horse-colic
FAILED TO RUN ON ilpd-indian-liver
FAILED TO RUN ON image-segmentation
FAILED TO RUN ON ionosphere
FAILED TO RUN ON iris
FAILED TO RUN ON kc3
FAILED TO RUN ON kidney
FAILED TO RUN ON labor
FAILED TO RUN ON led-display
FAILED TO RUN ON lenses
FAILED TO RUN ON libras
FAILED TO RUN ON abalon
FAILED TO RUN ON acute-inflammation
FAILED TO RUN ON acute-nephritis
FAILED TO RUN ON analcatdata_asbestos
FAILED TO RUN ON analcatdata_boxing1
FAILED TO RUN ON analcatdata_broadwaymult
FAILED TO RUN ON analcatdata_germangss
FAILED TO RUN ON analcatdata_lawsuit
FAILED TO RUN ON annealing
FAILED TO RUN ON ar4
FAILED TO RUN ON arrhythmia
FAILED TO RUN ON audiology-std
FAILED TO RUN ON autos
FAILED TO RUN ON balance-scale
FAILED TO RUN ON bank
FAILED TO RUN ON baseball
FAILED TO RUN ON blood
FAILED TO RUN ON bodyfat
FAILED TO RUN ON braziltourism
FAILED TO RUN ON breast-cancer-wisc-diag
FAILED TO RUN ON breast-cancer-wisc-prog
FAILED TO RUN ON breast-cancer-wisc
FAILED TO RUN ON breast-cancer
FAILED TO RUN ON breast-tissue
FAILED TO RUN ON car
FAILED TO RUN ON cardiotocography-10clases
FAILED TO RUN ON cardiotocography-3clases
FAILED TO RUN ON chatfield_4
FAILED TO RUN ON chess-krvkp
FAILED TO RUN ON chscase_vine1
FAILED TO RUN ON cloud
FAILED TO RUN ON congressional-voting
FAILED TO RUN ON conn-bench-sonar-mines-rocks
FAILED TO RUN ON conn-bench-vowel-deterding
FAILED TO RUN ON contrac
FAILED TO RUN ON credit-approval
FAILED TO RUN ON cylinder-bands
FAILED TO RUN ON dermatology
FAILED TO RUN ON diabetes
FAILED TO RUN ON diggle_table_a2
FAILED TO RUN ON disclosure_z
FAILED TO RUN ON echocardiogram
FAILED TO RUN ON ecoli
FAILED TO RUN ON elusage
FAILED TO RUN ON energy-y1
FAILED TO RUN ON energy-y2
FAILED TO RUN ON fertility
FAILED TO RUN ON flags
FAILED TO RUN ON fri_c0_250_5
FAILED TO RUN ON glass
FAILED TO RUN ON haberman-survival
FAILED TO RUN ON hayes-roth
FAILED TO RUN ON heart-cleveland
FAILED TO RUN ON heart-hungarian
FAILED TO RUN ON heart-switzerland
FAILED TO RUN ON heart-va
FAILED TO RUN ON hepatitis
FAILED TO RUN ON hill-valley
FAILED TO RUN ON horse-colic
FAILED TO RUN ON ilpd-indian-liver
FAILED TO RUN ON image-segmentation
FAILED TO RUN ON ionosphere
FAILED TO RUN ON iris
FAILED TO RUN ON kc3
FAILED TO RUN ON kidney
FAILED TO RUN ON labor
FAILED TO RUN ON led-display
FAILED TO RUN ON lenses
FAILED TO RUN ON libras
FAILED TO RUN ON low-res-spect
FAILED TO RUN ON lowbwt
FAILED TO RUN ON lung-cancer
FAILED TO RUN ON lupus
FAILED TO RUN ON lymphography
FAILED TO RUN ON mammographic
FAILED TO RUN ON meta
FAILED TO RUN ON mfeat-karhunen
FAILED TO RUN ON mfeat-morphological
FAILED TO RUN ON molec-biol-promoter
FAILED TO RUN ON molec-biol-splice
FAILED TO RUN ON monks-1
FAILED TO RUN ON monks-2
FAILED TO RUN ON monks-3
FAILED TO RUN ON mushroom
FAILED TO RUN ON musk-1
FAILED TO RUN ON newton_hema
FAILED TO RUN ON no2
FAILED TO RUN ON oocytes_merluccius_nucleus_4d
FAILED TO RUN ON oocytes_merluccius_states_2f
FAILED TO RUN ON oocytes_trisopterus_nucleus_2f
FAILED TO RUN ON oocytes_trisopterus_states_5b
FAILED TO RUN ON ozone
FAILED TO RUN ON parkinsons
FAILED TO RUN ON pima
FAILED TO RUN ON pittsburg-bridges-MATERIAL
FAILED TO RUN ON pittsburg-bridges-REL-L
FAILED TO RUN ON pittsburg-bridges-SPAN
FAILED TO RUN ON pittsburg-bridges-T-OR-D_R
FAILED TO RUN ON pittsburg-bridges-TYPE
FAILED TO RUN ON planning
FAILED TO RUN ON plant-margin
FAILED TO RUN ON plant-shape
FAILED TO RUN ON plant-texture
FAILED TO RUN ON plasma_retinol
FAILED TO RUN ON pm10
FAILED TO RUN ON post-operative
FAILED TO RUN ON prnn_synth
FAILED TO RUN ON rabe_131
FAILED TO RUN ON rmftsa_sleepdata
FAILED TO RUN ON schizo
FAILED TO RUN ON schlvote
FAILED TO RUN ON seeds
FAILED TO RUN ON semeion
FAILED TO RUN ON sleuth_case2002
FAILED TO RUN ON socmob
FAILED TO RUN ON solar-flare
FAILED TO RUN ON soybean
FAILED TO RUN ON spambase
FAILED TO RUN ON spect
FAILED TO RUN ON spectf
FAILED TO RUN ON squash-stored
FAILED TO RUN ON squash-unstored
FAILED TO RUN ON statlog-australian-credit
FAILED TO RUN ON statlog-german-credit
FAILED TO RUN ON statlog-heart_
FAILED TO RUN ON statlog-image
FAILED TO RUN ON statlog-vehicle
FAILED TO RUN ON steel-plates
FAILED TO RUN ON synthetic-control
FAILED TO RUN ON tae
FAILED TO RUN ON teaching
FAILED TO RUN ON teachingAssistant
FAILED TO RUN ON tic-tac-toe
FAILED TO RUN ON titanic
FAILED TO RUN ON transplant
FAILED TO RUN ON triazines
FAILED TO RUN ON vertebral-column-2clases
FAILED TO RUN ON vertebral-column-3clases
FAILED TO RUN ON veteran
FAILED TO RUN ON visualizing_livestock
FAILED TO RUN ON vote
FAILED TO RUN ON wall-following
FAILED TO RUN ON waveform-noise
FAILED TO RUN ON waveform
FAILED TO RUN ON white-clover
FAILED TO RUN ON wine-quality-red
FAILED TO RUN ON wine-quality-white
FAILED TO RUN ON wine
FAILED TO RUN ON yeast
FAILED TO RUN ON zoo
FAILED TO RUN ON abalon
FAILED TO RUN ON acute-inflammation
FAILED TO RUN ON acute-nephritis
FAILED TO RUN ON analcatdata_asbestos
FAILED TO RUN ON analcatdata_boxing1
FAILED TO RUN ON analcatdata_broadwaymult
FAILED TO RUN ON analcatdata_germangss
FAILED TO RUN ON analcatdata_lawsuit
FAILED TO RUN ON annealing
FAILED TO RUN ON ar4
FAILED TO RUN ON arrhythmia
FAILED TO RUN ON audiology-std
FAILED TO RUN ON autos
FAILED TO RUN ON balance-scale
FAILED TO RUN ON bank
FAILED TO RUN ON baseball
FAILED TO RUN ON blood
FAILED TO RUN ON bodyfat
FAILED TO RUN ON braziltourism
FAILED TO RUN ON breast-cancer-wisc-diag
FAILED TO RUN ON breast-cancer-wisc-prog
FAILED TO RUN ON breast-cancer-wisc
FAILED TO RUN ON breast-cancer
FAILED TO RUN ON breast-tissue
FAILED TO RUN ON car
FAILED TO RUN ON cardiotocography-10clases
FAILED TO RUN ON cardiotocography-3clases
FAILED TO RUN ON chatfield_4
FAILED TO RUN ON chess-krvkp
FAILED TO RUN ON chscase_vine1
FAILED TO RUN ON cloud
FAILED TO RUN ON congressional-voting
FAILED TO RUN ON conn-bench-sonar-mines-rocks
FAILED TO RUN ON conn-bench-vowel-deterding
FAILED TO RUN ON contrac
FAILED TO RUN ON credit-approval
FAILED TO RUN ON cylinder-bands
FAILED TO RUN ON dermatology
FAILED TO RUN ON diabetes
FAILED TO RUN ON diggle_table_a2
FAILED TO RUN ON disclosure_z
FAILED TO RUN ON echocardiogram
FAILED TO RUN ON ecoli
FAILED TO RUN ON elusage
FAILED TO RUN ON energy-y1
FAILED TO RUN ON energy-y2
FAILED TO RUN ON fertility
FAILED TO RUN ON flags
FAILED TO RUN ON fri_c0_250_5
FAILED TO RUN ON glass
FAILED TO RUN ON haberman-survival
FAILED TO RUN ON hayes-roth
FAILED TO RUN ON heart-cleveland
FAILED TO RUN ON heart-hungarian
FAILED TO RUN ON heart-switzerland
FAILED TO RUN ON heart-va
FAILED TO RUN ON hepatitis
FAILED TO RUN ON hill-valley
FAILED TO RUN ON horse-colic
FAILED TO RUN ON ilpd-indian-liver
FAILED TO RUN ON image-segmentation
FAILED TO RUN ON ionosphere
FAILED TO RUN ON iris
FAILED TO RUN ON kc3
FAILED TO RUN ON kidney
FAILED TO RUN ON labor
FAILED TO RUN ON led-display
FAILED TO RUN ON lenses
FAILED TO RUN ON libras
FAILED TO RUN ON low-res-spect
FAILED TO RUN ON lowbwt
FAILED TO RUN ON lung-cancer
FAILED TO RUN ON lupus
FAILED TO RUN ON lymphography
FAILED TO RUN ON mammographic
FAILED TO RUN ON meta
FAILED TO RUN ON mfeat-karhunen
FAILED TO RUN ON mfeat-morphological
FAILED TO RUN ON molec-biol-promoter
FAILED TO RUN ON molec-biol-splice
FAILED TO RUN ON monks-1
FAILED TO RUN ON monks-2
FAILED TO RUN ON monks-3
FAILED TO RUN ON mushroom
FAILED TO RUN ON musk-1
FAILED TO RUN ON newton_hema
FAILED TO RUN ON no2
FAILED TO RUN ON oocytes_merluccius_nucleus_4d
FAILED TO RUN ON oocytes_merluccius_states_2f
FAILED TO RUN ON oocytes_trisopterus_nucleus_2f
FAILED TO RUN ON oocytes_trisopterus_states_5b
FAILED TO RUN ON ozone
FAILED TO RUN ON parkinsons
FAILED TO RUN ON pima
FAILED TO RUN ON pittsburg-bridges-MATERIAL
FAILED TO RUN ON pittsburg-bridges-REL-L
FAILED TO RUN ON pittsburg-bridges-SPAN
FAILED TO RUN ON pittsburg-bridges-T-OR-D_R
FAILED TO RUN ON pittsburg-bridges-TYPE
FAILED TO RUN ON planning
FAILED TO RUN ON plant-margin
FAILED TO RUN ON plant-shape
FAILED TO RUN ON plant-texture
FAILED TO RUN ON plasma_retinol
FAILED TO RUN ON pm10
FAILED TO RUN ON post-operative
FAILED TO RUN ON prnn_synth
FAILED TO RUN ON rabe_131
FAILED TO RUN ON rmftsa_sleepdata
FAILED TO RUN ON schizo
FAILED TO RUN ON schlvote
FAILED TO RUN ON seeds
FAILED TO RUN ON abalon
FAILED TO RUN ON acute-inflammation
FAILED TO RUN ON acute-nephritis
FAILED TO RUN ON analcatdata_asbestos
FAILED TO RUN ON analcatdata_boxing1
FAILED TO RUN ON analcatdata_broadwaymult
FAILED TO RUN ON analcatdata_germangss
FAILED TO RUN ON analcatdata_lawsuit
FAILED TO RUN ON abalon
FAILED TO RUN ON abalon
FAILED TO RUN ON abalon
FAILED TO RUN ON abalon
FAILED TO RUN ON abalon
FAILED TO RUN ON acute-inflammation
FAILED TO RUN ON abalon
FAILED TO RUN ON acute-inflammation
FAILED TO RUN ON acute-nephritis
FAILED TO RUN ON analcatdata_asbestos
FAILED TO RUN ON analcatdata_boxing1
FAILED TO RUN ON analcatdata_broadwaymult
FAILED TO RUN ON analcatdata_germangss
FAILED TO RUN ON analcatdata_lawsuit
FAILED TO RUN ON abalon
FAILED TO RUN ON acute-inflammation
FAILED TO RUN ON acute-nephritis
FAILED TO RUN ON analcatdata_asbestos
FAILED TO RUN ON analcatdata_boxing1
FAILED TO RUN ON abalon
FAILED TO RUN ON acute-inflammation
FAILED TO RUN ON acute-nephritis
FAILED TO RUN ON analcatdata_asbestos
FAILED TO RUN ON analcatdata_boxing1
FAILED TO RUN ON analcatdata_broadwaymult
FAILED TO RUN ON analcatdata_germangss
FAILED TO RUN ON analcatdata_lawsuit
FAILED TO RUN ON abalon
FAILED TO RUN ON acute-inflammation
FAILED TO RUN ON acute-nephritis
FAILED TO RUN ON analcatdata_asbestos
FAILED TO RUN ON analcatdata_boxing1
FAILED TO RUN ON analcatdata_broadwaymult
FAILED TO RUN ON analcatdata_germangss
FAILED TO RUN ON analcatdata_lawsuit
FAILED TO RUN ON annealing
FAILED TO RUN ON ar4
FAILED TO RUN ON abalon
FAILED TO RUN ON acute-inflammation
FAILED TO RUN ON acute-nephritis
FAILED TO RUN ON analcatdata_asbestos
FAILED TO RUN ON analcatdata_boxing1
FAILED TO RUN ON analcatdata_broadwaymult
FAILED TO RUN ON analcatdata_germangss
FAILED TO RUN ON analcatdata_lawsuit
FAILED TO RUN ON abalon
FAILED TO RUN ON acute-inflammation
FAILED TO RUN ON acute-nephritis
FAILED TO RUN ON analcatdata_asbestos
FAILED TO RUN ON analcatdata_boxing1
FAILED TO RUN ON analcatdata_broadwaymult
FAILED TO RUN ON analcatdata_germangss
FAILED TO RUN ON analcatdata_lawsuit
FAILED TO RUN ON post-operative
FAILED TO RUN ON post-operative
FAILED TO RUN ON post-operative
FAILED TO RUN ON post-operative
FAILED TO RUN ON post-operative
FAILED TO RUN ON analcatdata_germangss
FAILED TO RUN ON analcatdata_germangss
FAILED TO RUN ON arrhythmia
FAILED TO RUN ON audiology-std
FAILED TO RUN ON autos
FAILED TO RUN ON braziltourism
FAILED TO RUN ON ecoli
FAILED TO RUN ON labor
FAILED TO RUN ON lenses
FAILED TO RUN ON low-res-spect
FAILED TO RUN ON lymphography
